[11-Mar-2024 23:31:55 UTC] PHP Deprecated:  Hook http_api_transports is deprecated since version 6.4.0 with no alternative available. in /wordpress/wp-includes/functions.php on line 140
[11-Mar-2024 23:31:59 UTC] PHP Deprecated:  Hook http_api_transports is deprecated since version 6.4.0 with no alternative available. in /wordpress/wp-includes/functions.php on line 140
[11-Mar-2024 23:32:03 UTC] PHP Deprecated:  Hook http_api_transports is deprecated since version 6.4.0 with no alternative available. in /wordpress/wp-includes/functions.php on line 140
[11-Mar-2024 23:32:11 UTC] PHP Deprecated:  Hook http_api_transports is deprecated since version 6.4.0 with no alternative available. in /wordpress/wp-includes/functions.php on line 140
[11-Mar-2024 23:32:12 UTC] PHP Deprecated:  Hook http_api_transports is deprecated since version 6.4.0 with no alternative available. in /wordpress/wp-includes/functions.php on line 140
[11-Mar-2024 23:32:13 UTC] PHP Deprecated:  Hook http_api_transports is deprecated since version 6.4.0 with no alternative available. in /wordpress/wp-includes/functions.php on line 140
[11-Mar-2024 23:32:14 UTC] PHP Deprecated:  Hook http_api_transports is deprecated since version 6.4.0 with no alternative available. in /wordpress/wp-includes/functions.php on line 140
[11-Mar-2024 23:32:23 UTC] PHP Deprecated:  Hook http_api_transports is deprecated since version 6.4.0 with no alternative available. in /wordpress/wp-includes/functions.php on line 140
[11-Mar-2024 23:32:29 UTC] PHP Deprecated:  Hook http_api_transports is deprecated since version 6.4.0 with no alternative available. in /wordpress/wp-includes/functions.php on line 140
[11-Mar-2024 23:32:38 UTC] PHP Deprecated:  Hook http_api_transports is deprecated since version 6.4.0 with no alternative available. in /wordpress/wp-includes/functions.php on line 140
[11-Mar-2024 23:32:40 UTC] PHP Deprecated:  Hook http_api_transports is deprecated since version 6.4.0 with no alternative available. in /wordpress/wp-includes/functions.php on line 140
[11-Mar-2024 23:32:44 UTC] PHP Deprecated:  Hook http_api_transports is deprecated since version 6.4.0 with no alternative available. in /wordpress/wp-includes/functions.php on line 140
[11-Mar-2024 23:34:36 UTC] PHP Deprecated:  Hook http_api_transports is deprecated since version 6.4.0 with no alternative available. in /wordpress/wp-includes/functions.php on line 140
[11-Mar-2024 23:48:15 UTC] PHP Warning:  get_headers(): https:// wrapper is disabled in the server configuration by allow_url_fopen=0 in /wordpress/wp-content/plugins/ecommerce-product-catalog/modules/cart/includes/cart/ic_cached_cart.php on line 47
[11-Mar-2024 23:48:15 UTC] PHP Warning:  get_headers(): This function may only be used against URLs in /wordpress/wp-content/plugins/ecommerce-product-catalog/modules/cart/includes/cart/ic_cached_cart.php on line 47
[11-Mar-2024 23:52:02 UTC] PHP Deprecated:  Hook http_api_transports is deprecated since version 6.4.0 with no alternative available. in /wordpress/wp-includes/functions.php on line 140
[11-Mar-2024 23:52:03 UTC] PHP Deprecated:  Hook http_api_transports is deprecated since version 6.4.0 with no alternative available. in /wordpress/wp-includes/functions.php on line 140
[11-Mar-2024 23:52:04 UTC] PHP Notice: A feed could not be found at `https://wordpress.org/news/feed/`; the status code is `400` and content-type is `text/plain` in /wordpress/wp-includes/class-simplepie.php on line 2
[11-Mar-2024 23:52:04 UTC] PHP Notice: A feed could not be found at `https://planet.wordpress.org/feed/`; the status code is `400` and content-type is `text/plain` in /wordpress/wp-includes/class-simplepie.php on line 2
[11-Mar-2024 23:59:41 UTC] PHP Deprecated:  Hook http_api_transports is deprecated since version 6.4.0 with no alternative available. in /wordpress/wp-includes/functions.php on line 140
[12-Mar-2024 00:10:28 UTC] PHP Deprecated:  Hook http_api_transports is deprecated since version 6.4.0 with no alternative available. in /wordpress/wp-includes/functions.php on line 140
[12-Mar-2024 00:15:04 UTC] PHP Notice:  ob_end_clean(): Failed to delete buffer. No buffer to delete in /wordpress/wp-content/plugins/ecommerce-product-catalog/modules/cart/ext/formbuilder/index.php on line 966
[12-Mar-2024 00:25:10 UTC] PHP Deprecated:  Hook http_api_transports is deprecated since version 6.4.0 with no alternative available. in /wordpress/wp-includes/functions.php on line 140
[12-Mar-2024 00:27:14 UTC] PHP Fatal error:  Out of memory (allocated 31457280) (tried to allocate 2097152 bytes) in /wordpress/wp-content/plugins/ecommerce-product-catalog/modules/cart/includes/cart/ic-cart.php on line 25
[12-Mar-2024 00:27:40 UTC] PHP Fatal error:  Out of memory (allocated 29360128) (tried to allocate 2097152 bytes) in /wordpress/wp-content/plugins/ecommerce-product-catalog/modules/cart/includes/cart-customer.php on line 29
[12-Mar-2024 00:27:45 UTC] PHP Fatal error:  Out of memory (allocated 27262976) (tried to allocate 2097152 bytes) in /wordpress/wp-content/plugins/ecommerce-product-catalog/modules/cart/includes/cart-customer.php on line 29
[12-Mar-2024 00:27:45 UTC] PHP Fatal error:  Out of memory (allocated 25165824) (tried to allocate 2097152 bytes) in /wordpress/wp-content/plugins/ecommerce-product-catalog/modules/cart/includes/cart-customer.php on line 29
[12-Mar-2024 00:27:45 UTC] PHP Fatal error:  Out of memory (allocated 25165824) (tried to allocate 2097152 bytes) in /wordpress/wp-content/plugins/ecommerce-product-catalog/modules/cart/includes/cart-customer.php on line 29
[12-Mar-2024 00:27:46 UTC] PHP Fatal error:  Out of memory (allocated 25165824) (tried to allocate 2097152 bytes) in /wordpress/wp-content/plugins/ecommerce-product-catalog/modules/cart/includes/cart-customer.php on line 29
[12-Mar-2024 00:27:47 UTC] PHP Fatal error:  Out of memory (allocated 25165824) (tried to allocate 2097152 bytes) in /wordpress/wp-content/plugins/ecommerce-product-catalog/modules/cart/includes/cart-customer.php on line 29
[12-Mar-2024 00:27:48 UTC] PHP Fatal error:  Out of memory (allocated 25165824) (tried to allocate 2097152 bytes) in /wordpress/wp-content/plugins/ecommerce-product-catalog/modules/cart/includes/cart-customer.php on line 29
[12-Mar-2024 00:27:51 UTC] PHP Fatal error:  Out of memory (allocated 25165824) (tried to allocate 2097152 bytes) in /wordpress/wp-content/plugins/ecommerce-product-catalog/modules/cart/includes/cart-customer.php on line 29
[12-Mar-2024 00:27:53 UTC] PHP Fatal error:  Out of memory (allocated 25165824) (tried to allocate 2097152 bytes) in /wordpress/wp-content/plugins/ecommerce-product-catalog/modules/cart/includes/cart-customer.php on line 29
[12-Mar-2024 00:27:56 UTC] PHP Fatal error:  Out of memory (allocated 25165824) (tried to allocate 2097152 bytes) in /wordpress/wp-content/plugins/ecommerce-product-catalog/modules/cart/includes/cart-customer.php on line 29
[12-Mar-2024 00:28:06 UTC] PHP Fatal error:  Out of memory (allocated 25165824) (tried to allocate 2097152 bytes) in /wordpress/wp-content/plugins/ecommerce-product-catalog/modules/cart/includes/cart-customer.php on line 29
[12-Mar-2024 00:28:12 UTC] PHP Fatal error:  Out of memory (allocated 25165824) (tried to allocate 2097152 bytes) in /wordpress/wp-content/plugins/ecommerce-product-catalog/modules/cart/includes/shopping-settings.php on line 342
[12-Mar-2024 00:28:14 UTC] PHP Fatal error:  Out of memory (allocated 25165824) (tried to allocate 2097152 bytes) in /wordpress/wp-content/plugins/ecommerce-product-catalog/modules/cart/includes/cart/ic-cart.php on line 25
[12-Mar-2024 00:28:17 UTC] PHP Fatal error:  Out of memory (allocated 25165824) (tried to allocate 2097152 bytes) in /wordpress/wp-content/plugins/ecommerce-product-catalog/modules/cart/includes/shopping-settings.php on line 342
[12-Mar-2024 00:28:17 UTC] PHP Fatal error:  Out of memory (allocated 25165824) (tried to allocate 2097152 bytes) in /wordpress/wp-content/plugins/ecommerce-product-catalog/modules/cart/includes/shopping-settings.php on line 166
[12-Mar-2024 00:28:43 UTC] PHP Warning:  get_headers(): https:// wrapper is disabled in the server configuration by allow_url_fopen=0 in /wordpress/wp-content/plugins/ecommerce-product-catalog/modules/cart/includes/cart/ic_cached_cart.php on line 47
[12-Mar-2024 00:28:43 UTC] PHP Warning:  get_headers(): This function may only be used against URLs in /wordpress/wp-content/plugins/ecommerce-product-catalog/modules/cart/includes/cart/ic_cached_cart.php on line 47
[12-Mar-2024 00:28:46 UTC] PHP Deprecated:  Hook http_api_transports is deprecated since version 6.4.0 with no alternative available. in /wordpress/wp-includes/functions.php on line 140
[12-Mar-2024 00:31:28 UTC] PHP Deprecated:  Hook http_api_transports is deprecated since version 6.4.0 with no alternative available. in /wordpress/wp-includes/functions.php on line 140
[12-Mar-2024 00:33:32 UTC] PHP Deprecated:  Hook http_api_transports is deprecated since version 6.4.0 with no alternative available. in /wordpress/wp-includes/functions.php on line 140
[12-Mar-2024 00:45:16 UTC] PHP Deprecated:  Hook http_api_transports is deprecated since version 6.4.0 with no alternative available. in /wordpress/wp-includes/functions.php on line 140
[12-Mar-2024 00:45:25 UTC] PHP Deprecated:  Hook http_api_transports is deprecated since version 6.4.0 with no alternative available. in /wordpress/wp-includes/functions.php on line 140
[12-Mar-2024 00:51:36 UTC] PHP Deprecated:  Hook http_api_transports is deprecated since version 6.4.0 with no alternative available. in /wordpress/wp-includes/functions.php on line 140
[12-Mar-2024 00:54:18 UTC] PHP Deprecated:  Hook http_api_transports is deprecated since version 6.4.0 with no alternative available. in /wordpress/wp-includes/functions.php on line 140
[12-Mar-2024 00:54:23 UTC] PHP Deprecated:  Hook http_api_transports is deprecated since version 6.4.0 with no alternative available. in /wordpress/wp-includes/functions.php on line 140
[12-Mar-2024 00:54:25 UTC] PHP Deprecated:  Hook http_api_transports is deprecated since version 6.4.0 with no alternative available. in /wordpress/wp-includes/functions.php on line 140
[12-Mar-2024 01:04:46 UTC] PHP Deprecated:  Hook http_api_transports is deprecated since version 6.4.0 with no alternative available. in /wordpress/wp-includes/functions.php on line 140
[12-Mar-2024 01:12:36 UTC] PHP Deprecated:  Hook http_api_transports is deprecated since version 6.4.0 with no alternative available. in /wordpress/wp-includes/functions.php on line 140
[12-Mar-2024 01:12:50 UTC] PHP Deprecated:  Hook http_api_transports is deprecated since version 6.4.0 with no alternative available. in /wordpress/wp-includes/functions.php on line 140
[12-Mar-2024 01:13:25 UTC] PHP Deprecated:  Hook http_api_transports is deprecated since version 6.4.0 with no alternative available. in /wordpress/wp-includes/functions.php on line 140
[12-Mar-2024 01:13:28 UTC] PHP Fatal error:  Out of memory (allocated 29360128) (tried to allocate 2097152 bytes) in /wordpress/wp-content/plugins/ecommerce-product-catalog/modules/cart/includes/cart-form.php on line 88
[12-Mar-2024 01:13:31 UTC] PHP Fatal error:  Out of memory (allocated 27262976) (tried to allocate 2097152 bytes) in /wordpress/wp-content/plugins/ecommerce-product-catalog/modules/cart/includes/cart-customer.php on line 26
[12-Mar-2024 01:13:32 UTC] PHP Fatal error:  Out of memory (allocated 25165824) (tried to allocate 2097152 bytes) in /wordpress/wp-content/plugins/ecommerce-product-catalog/modules/cart/includes/cart/cart-conditionals.php on line 56
[12-Mar-2024 01:13:33 UTC] PHP Fatal error:  Out of memory (allocated 25165824) (tried to allocate 2097152 bytes) in /wordpress/wp-content/plugins/ecommerce-product-catalog/modules/cart/includes/shopping-settings.php on line 232
[12-Mar-2024 01:13:34 UTC] PHP Fatal error:  Out of memory (allocated 25165824) (tried to allocate 2097152 bytes) in /wordpress/wp-content/plugins/ecommerce-product-catalog/modules/cart/includes/cart/cart-conditionals.php on line 56
[12-Mar-2024 01:13:35 UTC] PHP Fatal error:  Out of memory (allocated 25165824) (tried to allocate 2097152 bytes) in /wordpress/wp-content/plugins/ecommerce-product-catalog/modules/cart/includes/cart/cart-conditionals.php on line 56
[12-Mar-2024 01:13:36 UTC] PHP Fatal error:  Out of memory (allocated 25165824) (tried to allocate 2097152 bytes) in /wordpress/wp-content/plugins/ecommerce-product-catalog/modules/cart/includes/shopping-settings.php on line 196
[12-Mar-2024 01:13:36 UTC] PHP Fatal error:  Out of memory (allocated 25165824) (tried to allocate 2097152 bytes) in /wordpress/wp-content/plugins/ecommerce-product-catalog/modules/cart/includes/shopping-settings.php on line 196
[12-Mar-2024 01:13:41 UTC] PHP Fatal error:  Out of memory (allocated 25165824) (tried to allocate 2097152 bytes) in /wordpress/wp-content/plugins/ecommerce-product-catalog/modules/cart/includes/shopping-settings.php on line 196
[12-Mar-2024 01:13:41 UTC] PHP Fatal error:  Out of memory (allocated 25165824) (tried to allocate 2097152 bytes) in /wordpress/wp-content/plugins/ecommerce-product-catalog/modules/cart/includes/shopping-settings.php on line 196
[12-Mar-2024 01:13:42 UTC] PHP Fatal error:  Out of memory (allocated 25165824) (tried to allocate 2097152 bytes) in /wordpress/wp-content/plugins/ecommerce-product-catalog/modules/cart/includes/shopping-settings.php on line 196
[12-Mar-2024 01:13:43 UTC] PHP Fatal error:  Out of memory (allocated 25165824) (tried to allocate 2097152 bytes) in /wordpress/wp-content/plugins/ecommerce-product-catalog/modules/cart/includes/cart-customer.php on line 26
[12-Mar-2024 01:13:43 UTC] PHP Fatal error:  Out of memory (allocated 25165824) (tried to allocate 2097152 bytes) in /wordpress/wp-content/plugins/ecommerce-product-catalog/modules/cart/includes/cart/cart-conditionals.php on line 56
[12-Mar-2024 01:13:45 UTC] PHP Fatal error:  Out of memory (allocated 25165824) (tried to allocate 2097152 bytes) in /wordpress/wp-content/plugins/ecommerce-product-catalog/modules/cart/includes/cart/cart-conditionals.php on line 56
[12-Mar-2024 01:13:45 UTC] PHP Fatal error:  Out of memory (allocated 25165824) (tried to allocate 2097152 bytes) in /wordpress/wp-content/plugins/ecommerce-product-catalog/modules/cart/includes/cart-customer.php on line 26
[12-Mar-2024 01:13:47 UTC] PHP Fatal error:  Out of memory (allocated 25165824) (tried to allocate 2097152 bytes) in /wordpress/wp-content/plugins/ecommerce-product-catalog/modules/cart/includes/cart-customer.php on line 86
[12-Mar-2024 01:13:55 UTC] PHP Warning:  get_headers(): https:// wrapper is disabled in the server configuration by allow_url_fopen=0 in /wordpress/wp-content/plugins/ecommerce-product-catalog/modules/cart/includes/cart/ic_cached_cart.php on line 47
[12-Mar-2024 01:13:55 UTC] PHP Warning:  get_headers(): This function may only be used against URLs in /wordpress/wp-content/plugins/ecommerce-product-catalog/modules/cart/includes/cart/ic_cached_cart.php on line 47
[12-Mar-2024 01:26:20 UTC] PHP Deprecated:  Hook http_api_transports is deprecated since version 6.4.0 with no alternative available. in /wordpress/wp-includes/functions.php on line 140
[12-Mar-2024 01:26:24 UTC] PHP Deprecated:  Hook http_api_transports is deprecated since version 6.4.0 with no alternative available. in /wordpress/wp-includes/functions.php on line 140
[12-Mar-2024 01:26:28 UTC] PHP Deprecated:  Hook http_api_transports is deprecated since version 6.4.0 with no alternative available. in /wordpress/wp-includes/functions.php on line 140
[12-Mar-2024 01:26:35 UTC] PHP Deprecated:  Hook http_api_transports is deprecated since version 6.4.0 with no alternative available. in /wordpress/wp-includes/functions.php on line 140
[12-Mar-2024 01:26:41 UTC] PHP Deprecated:  Hook http_api_transports is deprecated since version 6.4.0 with no alternative available. in /wordpress/wp-includes/functions.php on line 140
[12-Mar-2024 01:26:44 UTC] PHP Deprecated:  Hook http_api_transports is deprecated since version 6.4.0 with no alternative available. in /wordpress/wp-includes/functions.php on line 140
[12-Mar-2024 01:26:44 UTC] PHP Warning:  get_headers(): https:// wrapper is disabled in the server configuration by allow_url_fopen=0 in /wordpress/wp-content/plugins/ecommerce-product-catalog/modules/cart/includes/cart/ic_cached_cart.php on line 47
[12-Mar-2024 01:26:44 UTC] PHP Warning:  get_headers(): This function may only be used against URLs in /wordpress/wp-content/plugins/ecommerce-product-catalog/modules/cart/includes/cart/ic_cached_cart.php on line 47
[24-Mar-2024 19:59:26 UTC] PHP Deprecated:  Hook http_api_transports is deprecated since version 6.4.0 with no alternative available. in /wordpress/wp-includes/functions.php on line 140
[24-Mar-2024 19:59:26 UTC] PHP Warning:  get_headers(): https:// wrapper is disabled in the server configuration by allow_url_fopen=0 in /wordpress/wp-content/plugins/ecommerce-product-catalog/modules/cart/includes/cart/ic_cached_cart.php on line 47
[24-Mar-2024 19:59:26 UTC] PHP Warning:  get_headers(): This function may only be used against URLs in /wordpress/wp-content/plugins/ecommerce-product-catalog/modules/cart/includes/cart/ic_cached_cart.php on line 47
[24-Mar-2024 19:59:26 UTC] PHP Deprecated:  Hook http_api_transports is deprecated since version 6.4.0 with no alternative available. in /wordpress/wp-includes/functions.php on line 140
[24-Mar-2024 20:11:04 UTC] PHP Deprecated:  Hook http_api_transports is deprecated since version 6.4.0 with no alternative available. in /wordpress/wp-includes/functions.php on line 140
[24-Mar-2024 20:13:58 UTC] PHP Warning:  get_headers(): https:// wrapper is disabled in the server configuration by allow_url_fopen=0 in /wordpress/wp-content/plugins/ecommerce-product-catalog/modules/cart/includes/cart/ic_cached_cart.php on line 47
[24-Mar-2024 20:13:58 UTC] PHP Warning:  get_headers(): This function may only be used against URLs in /wordpress/wp-content/plugins/ecommerce-product-catalog/modules/cart/includes/cart/ic_cached_cart.php on line 47
